make all --print-data-base --no-builtin-variables --no-builtin-rules --question
make: *** No rule to make target 'all'.  Stop.

# GNU Make 4.3
# Built for x86_64-pc-linux-gnu
# Copyright (C) 1988-2020 Free Software Foundation, Inc.
# License GPLv3+: GNU GPL version 3 or later <http://gnu.org/licenses/gpl.html>
# This is free software: you are free to change and redistribute it.
# There is NO WARRANTY, to the extent permitted by law.

# Make data base, printed on Sun Jun 26 17:25:00 2022

# Variables

# environment
GDK_BACKEND = x11
# environment
LC_ALL = C
# environment
NO_AT_BRIDGE = 1
# environment
BYOBU_HIGHLIGHT = \#DD4814
# environment
GTK_RC_FILES = /etc/gtk/gtkrc:/home/alwin/.gtkrc:/home/alwin/.config/gtkrc
# environment
CHROME_EXECUTABLE = /usr/bin/chromium
# environment
CSF_EXCEPTION_PROMPT = 1
# environment
VSCODE_IPC_HOOK_EXTHOST = /run/user/1000/vscode-ipc-9de993b8-ead1-403c-87a0-32126b5e3997.sock
# environment
CSF_XmlOcafResource = /usr/share/opencascade/resources/XmlOcafResource
# environment
LC_NAME = de_DE.UTF-8
# environment
LC_NUMERIC = de_DE.UTF-8
# environment
VSCODE_CWD = /home/alwin
# environment
MMGT_CLEAR = 1
# environment
CSF_XCAFDefaults = /usr/share/opencascade/resources/StdResource
# environment
CSF_PluginDefaults = /usr/share/opencascade/resources/StdResource
# environment
UBUNTU_MENUPROXY = 1
# environment
CASROOT = /usr
# environment
LC_ADDRESS = de_DE.UTF-8
# default
MAKE_COMMAND := make
# environment
GTK3_MODULES = xapp-gtk3-module
# environment
GOPATH = /home/alwin/go
# automatic
@D = $(patsubst %/,%,$(dir $@))
# environment
BYOBU_EDITOR = vim
# environment
VSCODE_HANDLES_UNCAUGHT_ERRORS = true
# default
.VARIABLES := 
# environment
PWD = /mnt/ssd2/Code/github-cleaner
# automatic
%D = $(patsubst %/,%,$(dir $%))
# environment
LSCOLORS = Gxfxcxdxbxegedabagacad
# environment
MAIL = /var/spool/mail/alwin
# environment
BYOBU_LIGHT = \#EEEEEE
# environment
XDG_DATA_DIRS = /home/alwin/.local/share/flatpak/exports/share:/var/lib/flatpak/exports/share:/usr/local/share:/usr/share:/var/lib/snapd/desktop
# environment
OLDPWD = /home/alwin
# automatic
^D = $(patsubst %/,%,$(dir $^))
# environment
VSCODE_LOG_STACK = false
# automatic
%F = $(notdir $%)
# environment
VSCODE_CODE_CACHE_PATH = /home/alwin/.config/Code/CachedData/c3511e6c69bb39013c4a4b7b9566ec1ca73fc4d5
# environment
XDG_SESSION_PATH = /org/freedesktop/DisplayManager/Session3
# environment
CSF_ShadersDirectory = /usr/share/opencascade/resources/Shaders
# environment
LANG = C
# environment
XAUTHORITY = /home/alwin/.Xauthority
# default
.LOADED := 
# environment
BYOBU_DISTRO = Manjaro Linux
# default
.INCLUDE_DIRS = /usr/include /usr/local/include /usr/include
# makefile
MAKEFLAGS = pqrR
# environment
BYOBU_ULIMIT = ulimit
# makefile
CURDIR := /mnt/ssd2/Code/github-cleaner
# environment
VSCODE_PIPE_LOGGING = true
# environment
APPLICATION_INSIGHTS_NO_DIAGNOSTIC_CHANNEL = true
# automatic
*D = $(patsubst %/,%,$(dir $*))
# environment
PAM_KWALLET5_LOGIN = /run/user/1000/kwallet5.socket
# environment
MFLAGS = -pqrR
# environment
SSH_AUTH_SOCK = /tmp/ssh-XXXXXXHc8gsD/agent.2573
# default
.SHELLFLAGS := -c
# environment
CSF_MDTVTexturesDirectory = /usr/share/opencascade/resources/Textures
# environment
QT_LINUX_ACCESSIBILITY_ALWAYS_ON = 1
# environment
XDG_CONFIG_DIRS = /home/alwin/.config/kdedefaults:/etc/xdg
# automatic
+D = $(patsubst %/,%,$(dir $+))
# environment
XCURSOR_THEME = breeze_cursors
# environment
XDG_SESSION_DESKTOP = KDE
# environment
BYOBU_DARK = \#333333
# makefile (from 'Makefile', line 1)
MAKEFILE_LIST := Makefile
# automatic
@F = $(notdir $@)
# environment
ZSH = /home/alwin/.oh-my-zsh
# environment
VSCODE_VERBOSE_LOGGING = true
# environment
VSCODE_PID = 118927
# environment
XDG_SESSION_TYPE = x11
# environment
CUDA_PATH = /opt/cuda
# automatic
?D = $(patsubst %/,%,$(dir $?))
# environment
CSF_XSMessage = /usr/share/opencascade/resources/XSMessage
# environment
DRAWDEFAULT = /usr/share/opencascade/resources/DrawResources/DrawDefault
# environment
SESSION_MANAGER = local/alwin-pc:@/tmp/.ICE-unix/118550,unix/alwin-pc:/tmp/.ICE-unix/118550
# automatic
*F = $(notdir $*)
# environment
CHROME_DESKTOP = code-url-handler.desktop
# environment
CSF_SHMessage = /usr/share/opencascade/resources/SHMessage
# environment
DBUS_SESSION_BUS_ADDRESS = unix:path=/run/user/1000/bus
# environment
BYOBU_ACCENT = \#75507B
# automatic
<D = $(patsubst %/,%,$(dir $<))
# environment
BYOBU_RUN_DIR = /dev/shm/byobu-alwin-58ZQgSHk
# environment
VSCODE_NLS_CONFIG = {"locale":"en-gb","availableLanguages":{},"_languagePackSupport":true}
# environment
ANDROID_SDK_ROOT = /home/alwin/Android/Sdk
# default
MAKE_HOST := x86_64-pc-linux-gnu
# makefile
SHELL = /bin/sh
# default
MAKECMDGOALS := all
# environment
PLATFORMIO_CALLER = vscode
# environment
BYOBU_CONFIG_DIR = /home/alwin/.config/byobu
# environment
MANGOHUD = 1
# environment
SHLVL = 0
# environment
CSF_TObjDefaults = /usr/share/opencascade/resources/StdResource
# environment
MAKELEVEL := 0
# default
MAKE = $(MAKE_COMMAND)
# environment
PATH = /home/alwin/.local/bin:/home/alwin/.local/bin:/home/alwin/.cargo/bin:/usr/local/sbin:/usr/local/bin:/usr/bin:/opt/cuda/bin:/opt/cuda/nsight_compute:/opt/cuda/nsight_systems/bin:/var/lib/flatpak/exports/bin:/usr/lib/jvm/default/bin:/usr/bin/site_perl:/usr/bin/vendor_perl:/usr/bin/core_perl:/var/lib/snapd/snap/bin:/opt/cuda/bin:/opt/cuda/nsight_compute:/opt/cuda/nsight_systems/bin:/usr/lib/jvm/default/bin
# default
MAKEFILES := 
# environment
BYOBU_DATE = %Y-%m-%d 
# environment
LC_MONETARY = de_DE.UTF-8
# environment
CSF_OCCTResourcePath = /usr/share/opencascade/resources
# environment
MOTD_SHOWN = pam
# automatic
^F = $(notdir $^)
# environment
BYOBU_BACKEND = tmux
# environment
LC_TIME = de_DE.UTF-8
# environment
VSCODE_LOG_NATIVE = false
# environment
CSF_StandardLiteDefaults = /usr/share/opencascade/resources/StdResource
# environment
CSF_STEPDefaults = /usr/share/opencascade/resources/XSTEPResource
# environment
LC_TELEPHONE = de_DE.UTF-8
# automatic
?F = $(notdir $?)
# environment
KDE_APPLICATIONS_AS_SCOPE = 1
# environment
XDG_SEAT = seat0
# environment
NO_PROXY = 127.0.0.1
# environment
XDG_CURRENT_DESKTOP = KDE
# environment
CSF_MIGRATION_TYPES = /usr/share/opencascade/resources/StdResource/MigrationSheet.txt
# environment
LS_COLORS = 
# automatic
+F = $(notdir $+)
# environment
XDG_SEAT_PATH = /org/freedesktop/DisplayManager/Seat0
# environment
LESS = -R
# environment
DESKTOP_SESSION = plasma
# environment
BYOBU_READLINK = readlink
# environment
ORIGINAL_XDG_CURRENT_DESKTOP = KDE
# 'override' directive
GNUMAKEFLAGS := 
# environment
QT_SCREEN_SCALE_FACTORS = DVI-D-0=1;HDMI-0=1;DP-0=1;DP-1=1;
# environment
LOGNAME = alwin
# environment
CSF_LANGUAGE = us
# environment
PLATFORMIO_PATH = /home/alwin/.platformio/penv/bin:/home/alwin/.platformio/penv:/home/alwin/.platformio/python3/bin:/home/alwin/.local/bin:/home/alwin/.local/bin:/home/alwin/.cargo/bin:/usr/local/sbin:/usr/local/bin:/usr/bin:/opt/cuda/bin:/opt/cuda/nsight_compute:/opt/cuda/nsight_systems/bin:/var/lib/flatpak/exports/bin:/usr/lib/jvm/default/bin:/usr/bin/site_perl:/usr/bin/vendor_perl:/usr/bin/core_perl:/var/lib/snapd/snap/bin:/opt/cuda/bin:/opt/cuda/nsight_compute:/opt/cuda/nsight_systems/bin:/usr/lib/jvm/default/bin
# environment
XDG_VTNR = 1
# environment
BYOBU_WINDOW_NAME = -
# makefile
 
.DEFAULT_GOAL := 
# environment
SYSTEMD_EXEC_PID = 1201
# environment
BYOBU_SED = sed
# environment
CSF_TObjMessage = /usr/share/opencascade/resources/TObj
# environment
DISPLAY = :0
# environment
GTK_MODULES = canberra-gtk-module:appmenu-gtk-module
# environment
USER = alwin
# environment
BYOBU_PREFIX = /usr
# default
MAKE_VERSION := 4.3
# environment
KDE_SESSION_UID = 1000
# environment
BYOBU_PAGER = less
# environment
LC_MEASUREMENT = de_DE.UTF-8
# environment
SSH_AGENT_PID = 2575
# environment
PAGER = less
# environment
_ = /usr/bin/make
# environment
LC_PAPER = de_DE.UTF-8
# environment
XDG_RUNTIME_DIR = /run/user/1000
# environment
BYOBU_TIME = %H:%M:%S
# environment
CSF_DrawPluginDefaults = /usr/share/opencascade/resources/DrawResources
# environment
CSF_IGESDefaults = /usr/share/opencascade/resources/XSTEPResource
# environment
GOMODCACHE = /home/alwin/go/pkg/mod
# environment
D_DISABLE_RT_SCREEN_SCALE = 1
# environment
XDG_SESSION_CLASS = user
# environment
VSCODE_AMD_ENTRYPOINT = vs/workbench/api/node/extensionHostProcess
# environment
PLATFORMIO_IDE = 2.5.0
# environment
GTK2_RC_FILES = /etc/gtk-2.0/gtkrc:/home/alwin/.gtkrc-2.0:/home/alwin/.config/gtkrc-2.0
# environment
HOME = /home/alwin
# environment
BYOBU_PYTHON = python3
# environment
ELECTRON_RUN_AS_NODE = 1
# environment
DRAWHOME = /usr/share/opencascade/resources/DrawResources
# environment
VSCODE_IPC_HOOK = /run/user/1000/vscode-2aae013b-1.67.2-main.sock
# environment
XDG_SESSION_ID = 78
# environment
XCURSOR_SIZE = 24
# environment
GOPROXY = https://proxy.golang.org,direct
# default
.RECIPEPREFIX := 
# automatic
<F = $(notdir $<)
# default
SUFFIXES := 
# environment
QT_AUTO_SCREEN_SCALE_FACTOR = 0
# environment
CSF_StandardDefaults = /usr/share/opencascade/resources/StdResource
# environment
KDE_SESSION_VERSION = 5
# default
.FEATURES := target-specific order-only second-expansion else-if shortest-stem undefine oneshell nocomment grouped-target extra-prereqs archives jobserver output-sync check-symlink guile load
# environment
KDE_FULL_SESSION = true
# environment
LC_IDENTIFICATION = de_DE.UTF-8
# variable set hash-table stats:
# Load=166/1024=16%, Rehash=0, Collisions=20/195=10%

# Pattern-specific Variable Values

# No pattern-specific variable values.

# Directories

# . (device 2081, inode 2801770): 12 files, no impossibilities.

# 12 files, no impossibilities in 1 directories.

# Implicit Rules

# No implicit rules.

# Files

# Not a target:
Makefile:
#  Implicit rule search has been done.
#  Last modified 2022-06-26 17:24:48.441438603
#  File has been updated.
#  Successfully updated.

# Not a target:
.DEFAULT:
#  Implicit rule search has not been done.
#  Modification time never checked.
#  File has not been updated.

# Not a target:
all:
#  Command line target.
#  Implicit rule search has been done.
#  File does not exist.
#  File has not been updated.

# files hash-table stats:
# Load=4/1024=0%, Rehash=0, Collisions=0/14=0%
# VPATH Search Paths

# No 'vpath' search paths.

# No general ('VPATH' variable) search path.

# strcache buffers: 1 (0) / strings = 17 / storage = 148 B / avg = 8 B
# current buf: size = 8162 B / used = 148 B / count = 17 / avg = 8 B

# strcache performance: lookups = 21 / hit rate = 19%
# hash-table stats:
 
# Load=17/8192=0%, Rehash=0, Collisions=0/21=0%
# Finished Make data base on Sun Jun 26 17:25:00 2022

 
